Copyright 1986-2018 Xilinx, Inc. All Rights Reserved.
--------------------------------------------------------------------------------------------------------------------------------------------------------------------------------
| Tool Version : Vivado v.2018.3 (win64) Build 2405991 Thu Dec  6 23:38:27 MST 2018
| Date         : Thu Apr 18 22:39:08 2024
| Host         : DESKTOP-NM8ULCN running 64-bit major release  (build 9200)
| Command      : report_timing_summary -max_paths 10 -file rtc_timing_summary_routed.rpt -pb rtc_timing_summary_routed.pb -rpx rtc_timing_summary_routed.rpx -warn_on_violation
| Design       : rtc
| Device       : 7a100t-csg324
| Speed File   : -1  PRODUCTION 1.23 2018-06-13
--------------------------------------------------------------------------------------------------------------------------------------------------------------------------------

Timing Summary Report

------------------------------------------------------------------------------------------------
| Timer Settings
| --------------
------------------------------------------------------------------------------------------------

  Enable Multi Corner Analysis               :  Yes
  Enable Pessimism Removal                   :  Yes
  Pessimism Removal Resolution               :  Nearest Common Node
  Enable Input Delay Default Clock           :  No
  Enable Preset / Clear Arcs                 :  No
  Disable Flight Delays                      :  No
  Ignore I/O Paths                           :  No
  Timing Early Launch at Borrowing Latches   :  false

  Corner  Analyze    Analyze    
  Name    Max Paths  Min Paths  
  ------  ---------  ---------  
  Slow    Yes        Yes        
  Fast    Yes        Yes        



check_timing report

Table of Contents
-----------------
1. checking no_clock
2. checking constant_clock
3. checking pulse_width_clock
4. checking unconstrained_internal_endpoints
5. checking no_input_delay
6. checking no_output_delay
7. checking multiple_clock
8. checking generated_clocks
9. checking loops
10. checking partial_input_delay
11. checking partial_output_delay
12. checking latch_loops

1. checking no_clock
--------------------
 There are 7 register/latch pins with no clock driven by root clock pin: dync/temp_reg/Q (HIGH)


2. checking constant_clock
--------------------------
 There are 0 register/latch pins with constant_clock.


3. checking pulse_width_clock
-----------------------------
 There are 0 register/latch pins which need pulse_width check


4. checking unconstrained_internal_endpoints
--------------------------------------------
 There are 7 pins that are not constrained for maximum delay. (HIGH)

 There are 0 pins that are not constrained for maximum delay due to constant clock.


5. checking no_input_delay
--------------------------
 There are 0 input ports with no input delay specified.

 There are 0 input ports with no input delay but user has a false path constraint.


6. checking no_output_delay
---------------------------
 There are 5 ports with no output delay specified. (HIGH)

 There are 0 ports with no output delay but user has a false path constraint

 There are 0 ports with no output delay but with a timing clock defined on it or propagating through it


7. checking multiple_clock
--------------------------
 There are 0 register/latch pins with multiple clocks.


8. checking generated_clocks
----------------------------
 There are 0 generated clocks that are not connected to a clock source.


9. checking loops
-----------------
 There are 0 combinational loops in the design.


10. checking partial_input_delay
--------------------------------
 There are 0 input ports with partial input delay specified.


11. checking partial_output_delay
---------------------------------
 There are 0 ports with partial output delay specified.


12. checking latch_loops
------------------------
 There are 0 combinational latch loops in the design through latch input



------------------------------------------------------------------------------------------------
| Design Timing Summary
| ---------------------
------------------------------------------------------------------------------------------------

    WNS(ns)      TNS(ns)  TNS Failing Endpoints  TNS Total Endpoints      WHS(ns)      THS(ns)  THS Failing Endpoints  THS Total Endpoints     WPWS(ns)     TPWS(ns)  TPWS Failing Endpoints  TPWS Total Endpoints  
    -------      -------  ---------------------  -------------------      -------      -------  ---------------------  -------------------     --------     --------  ----------------------  --------------------  
      5.457        0.000                      0                   64        0.263        0.000                      0                   64        4.500        0.000                       0                    34  


All user specified timing constraints are met.


------------------------------------------------------------------------------------------------
| Clock Summary
| -------------
------------------------------------------------------------------------------------------------

Clock        Waveform(ns)       Period(ns)      Frequency(MHz)
-----        ------------       ----------      --------------
sys_clk_pin  {0.000 5.000}      10.000          100.000         


------------------------------------------------------------------------------------------------
| Intra Clock Table
| -----------------
------------------------------------------------------------------------------------------------

Clock             WNS(ns)      TNS(ns)  TNS Failing Endpoints  TNS Total Endpoints      WHS(ns)      THS(ns)  THS Failing Endpoints  THS Total Endpoints     WPWS(ns)     TPWS(ns)  TPWS Failing Endpoints  TPWS Total Endpoints  
-----             -------      -------  ---------------------  -------------------      -------      -------  ---------------------  -------------------     --------     --------  ----------------------  --------------------  
sys_clk_pin         5.457        0.000                      0                   64        0.263        0.000                      0                   64        4.500        0.000                       0                    34  


------------------------------------------------------------------------------------------------
| Inter Clock Table
| -----------------
------------------------------------------------------------------------------------------------

From Clock    To Clock          WNS(ns)      TNS(ns)  TNS Failing Endpoints  TNS Total Endpoints      WHS(ns)      THS(ns)  THS Failing Endpoints  THS Total Endpoints  
----------    --------          -------      -------  ---------------------  -------------------      -------      -------  ---------------------  -------------------  


------------------------------------------------------------------------------------------------
| Other Path Groups Table
| -----------------------
------------------------------------------------------------------------------------------------

Path Group    From Clock    To Clock          WNS(ns)      TNS(ns)  TNS Failing Endpoints  TNS Total Endpoints      WHS(ns)      THS(ns)  THS Failing Endpoints  THS Total Endpoints  
----------    ----------    --------          -------      -------  ---------------------  -------------------      -------      -------  ---------------------  -------------------  


------------------------------------------------------------------------------------------------
| Timing Details
| --------------
------------------------------------------------------------------------------------------------


---------------------------------------------------------------------------------------------------
From Clock:  sys_clk_pin
  To Clock:  sys_clk_pin

Setup :            0  Failing Endpoints,  Worst Slack        5.457ns,  Total Violation        0.000ns
Hold  :            0  Failing Endpoints,  Worst Slack        0.263ns,  Total Violation        0.000ns
PW    :            0  Failing Endpoints,  Worst Slack        4.500ns,  Total Violation        0.000ns
---------------------------------------------------------------------------------------------------


Max Delay Paths
--------------------------------------------------------------------------------------
Slack (MET) :             5.457ns  (required time - arrival time)
  Source:                 dync/counter_reg[28]/C
                            (rising edge-triggered cell FDRE clocked by sys_clk_pin  {rise@0.000ns fall@5.000ns period=10.000ns})
  Destination:            dync/counter_reg[29]/R
                            (rising edge-triggered cell FDRE clocked by sys_clk_pin  {rise@0.000ns fall@5.000ns period=10.000ns})
  Path Group:             sys_clk_pin
  Path Type:              Setup (Max at Slow Process Corner)
  Requirement:            10.000ns  (sys_clk_pin rise@10.000ns - sys_clk_pin rise@0.000ns)
  Data Path Delay:        4.053ns  (logic 0.828ns (20.429%)  route 3.225ns (79.571%))
  Logic Levels:           3  (LUT4=2 LUT5=1)
  Clock Path Skew:        -0.026ns (DCD - SCD + CPR)
    Destination Clock Delay (DCD):    5.010ns = ( 15.010 - 10.000 ) 
    Source Clock Delay      (SCD):    5.311ns
    Clock Pessimism Removal (CPR):    0.275ns
  Clock Uncertainty:      0.035ns  ((TSJ^2 + TIJ^2)^1/2 + DJ) / 2 + PE
    Total System Jitter     (TSJ):    0.071ns
    Total Input Jitter      (TIJ):    0.000ns
    Discrete Jitter          (DJ):    0.000ns
    Phase Error              (PE):    0.000ns

    Location             Delay type                Incr(ns)  Path(ns)    Netlist Resource(s)
  -------------------------------------------------------------------    -------------------
                         (clock sys_clk_pin rise edge)
                                                      0.000     0.000 r  
    E3                                                0.000     0.000 r  clk_i (IN)
                         net (fo=0)                   0.000     0.000    clk_i
    E3                   IBUF (Prop_ibuf_I_O)         1.482     1.482 r  clk_i_IBUF_inst/O
                         net (fo=1, routed)           2.025     3.506    clk_i_IBUF
    BUFGCTRL_X0Y16       BUFG (Prop_bufg_I_O)         0.096     3.602 r  clk_i_IBUF_BUFG_inst/O
                         net (fo=33, routed)          1.709     5.311    dync/clk_i_IBUF_BUFG
    SLICE_X1Y106         FDRE                                         r  dync/counter_reg[28]/C
  -------------------------------------------------------------------    -------------------
    SLICE_X1Y106         FDRE (Prop_fdre_C_Q)         0.456     5.767 f  dync/counter_reg[28]/Q
                         net (fo=2, routed)           0.828     6.595    dync/counter[28]
    SLICE_X0Y107         LUT4 (Prop_lut4_I1_O)        0.124     6.719 f  dync/counter[31]_i_7/O
                         net (fo=1, routed)           0.303     7.022    dync/counter[31]_i_7_n_0
    SLICE_X0Y106         LUT5 (Prop_lut5_I4_O)        0.124     7.146 f  dync/counter[31]_i_3/O
                         net (fo=2, routed)           1.150     8.295    dync/counter[31]_i_3_n_0
    SLICE_X0Y102         LUT4 (Prop_lut4_I1_O)        0.124     8.419 r  dync/counter[31]_i_1/O
                         net (fo=31, routed)          0.945     9.364    dync/temp
    SLICE_X1Y107         FDRE                                         r  dync/counter_reg[29]/R
  -------------------------------------------------------------------    -------------------

                         (clock sys_clk_pin rise edge)
                                                     10.000    10.000 r  
    E3                                                0.000    10.000 r  clk_i (IN)
                         net (fo=0)                   0.000    10.000    clk_i
    E3                   IBUF (Prop_ibuf_I_O)         1.411    11.411 r  clk_i_IBUF_inst/O
                         net (fo=1, routed)           1.920    13.331    clk_i_IBUF
    BUFGCTRL_X0Y16       BUFG (Prop_bufg_I_O)         0.091    13.422 r  clk_i_IBUF_BUFG_inst/O
                         net (fo=33, routed)          1.588    15.010    dync/clk_i_IBUF_BUFG
    SLICE_X1Y107         FDRE                                         r  dync/counter_reg[29]/C
                         clock pessimism              0.275    15.285    
                         clock uncertainty           -0.035    15.250    
    SLICE_X1Y107         FDRE (Setup_fdre_C_R)       -0.429    14.821    dync/counter_reg[29]
  -------------------------------------------------------------------
                         required time                         14.821    
                         arrival time                          -9.364    
  -------------------------------------------------------------------
                         slack                                  5.457    

Slack (MET) :             5.457ns  (required time - arrival time)
  Source:                 dync/counter_reg[28]/C
                            (rising edge-triggered cell FDRE clocked by sys_clk_pin  {rise@0.000ns fall@5.000ns period=10.000ns})
  Destination:            dync/counter_reg[30]/R
                            (rising edge-triggered cell FDRE clocked by sys_clk_pin  {rise@0.000ns fall@5.000ns period=10.000ns})
  Path Group:             sys_clk_pin
  Path Type:              Setup (Max at Slow Process Corner)
  Requirement:            10.000ns  (sys_clk_pin rise@10.000ns - sys_clk_pin rise@0.000ns)
  Data Path Delay:        4.053ns  (logic 0.828ns (20.429%)  route 3.225ns (79.571%))
  Logic Levels:           3  (LUT4=2 LUT5=1)
  Clock Path Skew:        -0.026ns (DCD - SCD + CPR)
    Destination Clock Delay (DCD):    5.010ns = ( 15.010 - 10.000 ) 
    Source Clock Delay      (SCD):    5.311ns
    Clock Pessimism Removal (CPR):    0.275ns
  Clock Uncertainty:      0.035ns  ((TSJ^2 + TIJ^2)^1/2 + DJ) / 2 + PE
    Total System Jitter     (TSJ):    0.071ns
    Total Input Jitter      (TIJ):    0.000ns
    Discrete Jitter          (DJ):    0.000ns
    Phase Error              (PE):    0.000ns

    Location             Delay type                Incr(ns)  Path(ns)    Netlist Resource(s)
  -------------------------------------------------------------------    -------------------
                         (clock sys_clk_pin rise edge)
                                                      0.000     0.000 r  
    E3                                                0.000     0.000 r  clk_i (IN)
                         net (fo=0)                   0.000     0.000    clk_i
    E3                   IBUF (Prop_ibuf_I_O)         1.482     1.482 r  clk_i_IBUF_inst/O
                         net (fo=1, routed)           2.025     3.506    clk_i_IBUF
    BUFGCTRL_X0Y16       BUFG (Prop_bufg_I_O)         0.096     3.602 r  clk_i_IBUF_BUFG_inst/O
                         net (fo=33, routed)          1.709     5.311    dync/clk_i_IBUF_BUFG
    SLICE_X1Y106         FDRE                                         r  dync/counter_reg[28]/C
  -------------------------------------------------------------------    -------------------
    SLICE_X1Y106         FDRE (Prop_fdre_C_Q)         0.456     5.767 f  dync/counter_reg[28]/Q
                         net (fo=2, routed)           0.828     6.595    dync/counter[28]
    SLICE_X0Y107         LUT4 (Prop_lut4_I1_O)        0.124     6.719 f  dync/counter[31]_i_7/O
                         net (fo=1, routed)           0.303     7.022    dync/counter[31]_i_7_n_0
    SLICE_X0Y106         LUT5 (Prop_lut5_I4_O)        0.124     7.146 f  dync/counter[31]_i_3/O
                         net (fo=2, routed)           1.150     8.295    dync/counter[31]_i_3_n_0
    SLICE_X0Y102         LUT4 (Prop_lut4_I1_O)        0.124     8.419 r  dync/counter[31]_i_1/O
                         net (fo=31, routed)          0.945     9.364    dync/temp
    SLICE_X1Y107         FDRE                                         r  dync/counter_reg[30]/R
  -------------------------------------------------------------------    -------------------

                         (clock sys_clk_pin rise edge)
                                                     10.000    10.000 r  
    E3                                                0.000    10.000 r  clk_i (IN)
                         net (fo=0)                   0.000    10.000    clk_i
    E3                   IBUF (Prop_ibuf_I_O)         1.411    11.411 r  clk_i_IBUF_inst/O
                         net (fo=1, routed)           1.920    13.331    clk_i_IBUF
    BUFGCTRL_X0Y16       BUFG (Prop_bufg_I_O)         0.091    13.422 r  clk_i_IBUF_BUFG_inst/O
                         net (fo=33, routed)          1.588    15.010    dync/clk_i_IBUF_BUFG
    SLICE_X1Y107         FDRE                                         r  dync/counter_reg[30]/C
                         clock pessimism              0.275    15.285    
                         clock uncertainty           -0.035    15.250    
    SLICE_X1Y107         FDRE (Setup_fdre_C_R)       -0.429    14.821    dync/counter_reg[30]
  -------------------------------------------------------------------
                         required time                         14.821    
                         arrival time                          -9.364    
  -------------------------------------------------------------------
                         slack                                  5.457    

Slack (MET) :             5.457ns  (required time - arrival time)
  Source:                 dync/counter_reg[28]/C
                            (rising edge-triggered cell FDRE clocked by sys_clk_pin  {rise@0.000ns fall@5.000ns period=10.000ns})
  Destination:            dync/counter_reg[31]/R
                            (rising edge-triggered cell FDRE clocked by sys_clk_pin  {rise@0.000ns fall@5.000ns period=10.000ns})
  Path Group:             sys_clk_pin
  Path Type:              Setup (Max at Slow Process Corner)
  Requirement:            10.000ns  (sys_clk_pin rise@10.000ns - sys_clk_pin rise@0.000ns)
  Data Path Delay:        4.053ns  (logic 0.828ns (20.429%)  route 3.225ns (79.571%))
  Logic Levels:           3  (LUT4=2 LUT5=1)
  Clock Path Skew:        -0.026ns (DCD - SCD + CPR)
    Destination Clock Delay (DCD):    5.010ns = ( 15.010 - 10.000 ) 
    Source Clock Delay      (SCD):    5.311ns
    Clock Pessimism Removal (CPR):    0.275ns
  Clock Uncertainty:      0.035ns  ((TSJ^2 + TIJ^2)^1/2 + DJ) / 2 + PE
    Total System Jitter     (TSJ):    0.071ns
    Total Input Jitter      (TIJ):    0.000ns
    Discrete Jitter          (DJ):    0.000ns
    Phase Error              (PE):    0.000ns

    Location             Delay type                Incr(ns)  Path(ns)    Netlist Resource(s)
  -------------------------------------------------------------------    -------------------
                         (clock sys_clk_pin rise edge)
                                                      0.000     0.000 r  
    E3                                                0.000     0.000 r  clk_i (IN)
                         net (fo=0)                   0.000     0.000    clk_i
    E3                   IBUF (Prop_ibuf_I_O)         1.482     1.482 r  clk_i_IBUF_inst/O
                         net (fo=1, routed)           2.025     3.506    clk_i_IBUF
    BUFGCTRL_X0Y16       BUFG (Prop_bufg_I_O)         0.096     3.602 r  clk_i_IBUF_BUFG_inst/O
                         net (fo=33, routed)          1.709     5.311    dync/clk_i_IBUF_BUFG
    SLICE_X1Y106         FDRE                                         r  dync/counter_reg[28]/C
  -------------------------------------------------------------------    -------------------
    SLICE_X1Y106         FDRE (Prop_fdre_C_Q)         0.456     5.767 f  dync/counter_reg[28]/Q
                         net (fo=2, routed)           0.828     6.595    dync/counter[28]
    SLICE_X0Y107         LUT4 (Prop_lut4_I1_O)        0.124     6.719 f  dync/counter[31]_i_7/O
                         net (fo=1, routed)           0.303     7.022    dync/counter[31]_i_7_n_0
    SLICE_X0Y106         LUT5 (Prop_lut5_I4_O)        0.124     7.146 f  dync/counter[31]_i_3/O
                         net (fo=2, routed)           1.150     8.295    dync/counter[31]_i_3_n_0
    SLICE_X0Y102         LUT4 (Prop_lut4_I1_O)        0.124     8.419 r  dync/counter[31]_i_1/O
                         net (fo=31, routed)          0.945     9.364    dync/temp
    SLICE_X1Y107         FDRE                                         r  dync/counter_reg[31]/R
  -------------------------------------------------------------------    -------------------

                         (clock sys_clk_pin rise edge)
                                                     10.000    10.000 r  
    E3                                                0.000    10.000 r  clk_i (IN)
                         net (fo=0)                   0.000    10.000    clk_i
    E3                   IBUF (Prop_ibuf_I_O)         1.411    11.411 r  clk_i_IBUF_inst/O
                         net (fo=1, routed)           1.920    13.331    clk_i_IBUF
    BUFGCTRL_X0Y16       BUFG (Prop_bufg_I_O)         0.091    13.422 r  clk_i_IBUF_BUFG_inst/O
                         net (fo=33, routed)          1.588    15.010    dync/clk_i_IBUF_BUFG
    SLICE_X1Y107         FDRE                                         r  dync/counter_reg[31]/C
                         clock pessimism              0.275    15.285    
                         clock uncertainty           -0.035    15.250    
    SLICE_X1Y107         FDRE (Setup_fdre_C_R)       -0.429    14.821    dync/counter_reg[31]
  -------------------------------------------------------------------
                         required time                         14.821    
                         arrival time                          -9.364    
  -------------------------------------------------------------------
                         slack                                  5.457    

Slack (MET) :             5.621ns  (required time - arrival time)
  Source:                 dync/counter_reg[28]/C
                            (rising edge-triggered cell FDRE clocked by sys_clk_pin  {rise@0.000ns fall@5.000ns period=10.000ns})
  Destination:            dync/counter_reg[25]/R
                            (rising edge-triggered cell FDRE clocked by sys_clk_pin  {rise@0.000ns fall@5.000ns period=10.000ns})
  Path Group:             sys_clk_pin
  Path Type:              Setup (Max at Slow Process Corner)
  Requirement:            10.000ns  (sys_clk_pin rise@10.000ns - sys_clk_pin rise@0.000ns)
  Data Path Delay:        3.915ns  (logic 0.828ns (21.151%)  route 3.087ns (78.849%))
  Logic Levels:           3  (LUT4=2 LUT5=1)
  Clock Path Skew:        0.000ns (DCD - SCD + CPR)
    Destination Clock Delay (DCD):    5.011ns = ( 15.011 - 10.000 ) 
    Source Clock Delay      (SCD):    5.311ns
    Clock Pessimism Removal (CPR):    0.300ns
  Clock Uncertainty:      0.035ns  ((TSJ^2 + TIJ^2)^1/2 + DJ) / 2 + PE
    Total System Jitter     (TSJ):    0.071ns
    Total Input Jitter      (TIJ):    0.000ns
    Discrete Jitter          (DJ):    0.000ns
    Phase Error              (PE):    0.000ns

    Location             Delay type                Incr(ns)  Path(ns)    Netlist Resource(s)
  -------------------------------------------------------------------    -------------------
                         (clock sys_clk_pin rise edge)
                                                      0.000     0.000 r  
    E3                                                0.000     0.000 r  clk_i (IN)
                         net (fo=0)                   0.000     0.000    clk_i
    E3                   IBUF (Prop_ibuf_I_O)         1.482     1.482 r  clk_i_IBUF_inst/O
                         net (fo=1, routed)           2.025     3.506    clk_i_IBUF
    BUFGCTRL_X0Y16       BUFG (Prop_bufg_I_O)         0.096     3.602 r  clk_i_IBUF_BUFG_inst/O
                         net (fo=33, routed)          1.709     5.311    dync/clk_i_IBUF_BUFG
    SLICE_X1Y106         FDRE                                         r  dync/counter_reg[28]/C
  -------------------------------------------------------------------    -------------------
    SLICE_X1Y106         FDRE (Prop_fdre_C_Q)         0.456     5.767 f  dync/counter_reg[28]/Q
                         net (fo=2, routed)           0.828     6.595    dync/counter[28]
    SLICE_X0Y107         LUT4 (Prop_lut4_I1_O)        0.124     6.719 f  dync/counter[31]_i_7/O
                         net (fo=1, routed)           0.303     7.022    dync/counter[31]_i_7_n_0
    SLICE_X0Y106         LUT5 (Prop_lut5_I4_O)        0.124     7.146 f  dync/counter[31]_i_3/O
                         net (fo=2, routed)           1.150     8.295    dync/counter[31]_i_3_n_0
    SLICE_X0Y102         LUT4 (Prop_lut4_I1_O)        0.124     8.419 r  dync/counter[31]_i_1/O
                         net (fo=31, routed)          0.807     9.226    dync/temp
    SLICE_X1Y106         FDRE                                         r  dync/counter_reg[25]/R
  -------------------------------------------------------------------    -------------------

                         (clock sys_clk_pin rise edge)
                                                     10.000    10.000 r  
    E3                                                0.000    10.000 r  clk_i (IN)
                         net (fo=0)                   0.000    10.000    clk_i
    E3                   IBUF (Prop_ibuf_I_O)         1.411    11.411 r  clk_i_IBUF_inst/O
                         net (fo=1, routed)           1.920    13.331    clk_i_IBUF
    BUFGCTRL_X0Y16       BUFG (Prop_bufg_I_O)         0.091    13.422 r  clk_i_IBUF_BUFG_inst/O
                         net (fo=33, routed)          1.589    15.011    dync/clk_i_IBUF_BUFG
    SLICE_X1Y106         FDRE                                         r  dync/counter_reg[25]/C
                         clock pessimism              0.300    15.311    
                         clock uncertainty           -0.035    15.276    
    SLICE_X1Y106         FDRE (Setup_fdre_C_R)       -0.429    14.847    dync/counter_reg[25]
  -------------------------------------------------------------------
                         required time                         14.847    
                         arrival time                          -9.226    
  -------------------------------------------------------------------
                         slack                                  5.621    

Slack (MET) :             5.621ns  (required time - arrival time)
  Source:                 dync/counter_reg[28]/C
                            (rising edge-triggered cell FDRE clocked by sys_clk_pin  {rise@0.000ns fall@5.000ns period=10.000ns})
  Destination:            dync/counter_reg[26]/R
                            (rising edge-triggered cell FDRE clocked by sys_clk_pin  {rise@0.000ns fall@5.000ns period=10.000ns})
  Path Group:             sys_clk_pin
  Path Type:              Setup (Max at Slow Process Corner)
  Requirement:            10.000ns  (sys_clk_pin rise@10.000ns - sys_clk_pin rise@0.000ns)
  Data Path Delay:        3.915ns  (logic 0.828ns (21.151%)  route 3.087ns (78.849%))
  Logic Levels:           3  (LUT4=2 LUT5=1)
  Clock Path Skew:        0.000ns (DCD - SCD + CPR)
    Destination Clock Delay (DCD):    5.011ns = ( 15.011 - 10.000 ) 
    Source Clock Delay      (SCD):    5.311ns
    Clock Pessimism Removal (CPR):    0.300ns
  Clock Uncertainty:      0.035ns  ((TSJ^2 + TIJ^2)^1/2 + DJ) / 2 + PE
    Total System Jitter     (TSJ):    0.071ns
    Total Input Jitter      (TIJ):    0.000ns
    Discrete Jitter          (DJ):    0.000ns
    Phase Error              (PE):    0.000ns

    Location             Delay type                Incr(ns)  Path(ns)    Netlist Resource(s)
  -------------------------------------------------------------------    -------------------
                         (clock sys_clk_pin rise edge)
                                                      0.000     0.000 r  
    E3                                                0.000     0.000 r  clk_i (IN)
                         net (fo=0)                   0.000     0.000    clk_i
    E3                   IBUF (Prop_ibuf_I_O)         1.482     1.482 r  clk_i_IBUF_inst/O
                         net (fo=1, routed)           2.025     3.506    clk_i_IBUF
    BUFGCTRL_X0Y16       BUFG (Prop_bufg_I_O)         0.096     3.602 r  clk_i_IBUF_BUFG_inst/O
                         net (fo=33, routed)          1.709     5.311    dync/clk_i_IBUF_BUFG
    SLICE_X1Y106         FDRE                                         r  dync/counter_reg[28]/C
  -------------------------------------------------------------------    -------------------
    SLICE_X1Y106         FDRE (Prop_fdre_C_Q)         0.456     5.767 f  dync/counter_reg[28]/Q
                         net (fo=2, routed)           0.828     6.595    dync/counter[28]
    SLICE_X0Y107         LUT4 (Prop_lut4_I1_O)        0.124     6.719 f  dync/counter[31]_i_7/O
                         net (fo=1, routed)           0.303     7.022    dync/counter[31]_i_7_n_0
    SLICE_X0Y106         LUT5 (Prop_lut5_I4_O)        0.124     7.146 f  dync/counter[31]_i_3/O
                         net (fo=2, routed)           1.150     8.295    dync/counter[31]_i_3_n_0
    SLICE_X0Y102         LUT4 (Prop_lut4_I1_O)        0.124     8.419 r  dync/counter[31]_i_1/O
                         net (fo=31, routed)          0.807     9.226    dync/temp
    SLICE_X1Y106         FDRE                                         r  dync/counter_reg[26]/R
  -------------------------------------------------------------------    -------------------

                         (clock sys_clk_pin rise edge)
                                                     10.000    10.000 r  
    E3                                                0.000    10.000 r  clk_i (IN)
                         net (fo=0)                   0.000    10.000    clk_i
    E3                   IBUF (Prop_ibuf_I_O)         1.411    11.411 r  clk_i_IBUF_inst/O
                         net (fo=1, routed)           1.920    13.331    clk_i_IBUF
    BUFGCTRL_X0Y16       BUFG (Prop_bufg_I_O)         0.091    13.422 r  clk_i_IBUF_BUFG_inst/O
                         net (fo=33, routed)          1.589    15.011    dync/clk_i_IBUF_BUFG
    SLICE_X1Y106         FDRE                                         r  dync/counter_reg[26]/C
                         clock pessimism              0.300    15.311    
                         clock uncertainty           -0.035    15.276    
    SLICE_X1Y106         FDRE (Setup_fdre_C_R)       -0.429    14.847    dync/counter_reg[26]
  -------------------------------------------------------------------
                         required time                         14.847    
                         arrival time                          -9.226    
  -------------------------------------------------------------------
                         slack                                  5.621    

Slack (MET) :             5.621ns  (required time - arrival time)
  Source:                 dync/counter_reg[28]/C
                            (rising edge-triggered cell FDRE clocked by sys_clk_pin  {rise@0.000ns fall@5.000ns period=10.000ns})
  Destination:            dync/counter_reg[27]/R
                            (rising edge-triggered cell FDRE clocked by sys_clk_pin  {rise@0.000ns fall@5.000ns period=10.000ns})
  Path Group:             sys_clk_pin
  Path Type:              Setup (Max at Slow Process Corner)
  Requirement:            10.000ns  (sys_clk_pin rise@10.000ns - sys_clk_pin rise@0.000ns)
  Data Path Delay:        3.915ns  (logic 0.828ns (21.151%)  route 3.087ns (78.849%))
  Logic Levels:           3  (LUT4=2 LUT5=1)
  Clock Path Skew:        0.000ns (DCD - SCD + CPR)
    Destination Clock Delay (DCD):    5.011ns = ( 15.011 - 10.000 ) 
    Source Clock Delay      (SCD):    5.311ns
    Clock Pessimism Removal (CPR):    0.300ns
  Clock Uncertainty:      0.035ns  ((TSJ^2 + TIJ^2)^1/2 + DJ) / 2 + PE
    Total System Jitter     (TSJ):    0.071ns
    Total Input Jitter      (TIJ):    0.000ns
    Discrete Jitter          (DJ):    0.000ns
    Phase Error              (PE):    0.000ns

    Location             Delay type                Incr(ns)  Path(ns)    Netlist Resource(s)
  -------------------------------------------------------------------    -------------------
                         (clock sys_clk_pin rise edge)
                                                      0.000     0.000 r  
    E3                                                0.000     0.000 r  clk_i (IN)
                         net (fo=0)                   0.000     0.000    clk_i
    E3                   IBUF (Prop_ibuf_I_O)         1.482     1.482 r  clk_i_IBUF_inst/O
                         net (fo=1, routed)           2.025     3.506    clk_i_IBUF
    BUFGCTRL_X0Y16       BUFG (Prop_bufg_I_O)         0.096     3.602 r  clk_i_IBUF_BUFG_inst/O
                         net (fo=33, routed)          1.709     5.311    dync/clk_i_IBUF_BUFG
    SLICE_X1Y106         FDRE                                         r  dync/counter_reg[28]/C
  -------------------------------------------------------------------    -------------------
    SLICE_X1Y106         FDRE (Prop_fdre_C_Q)         0.456     5.767 f  dync/counter_reg[28]/Q
                         net (fo=2, routed)           0.828     6.595    dync/counter[28]
    SLICE_X0Y107         LUT4 (Prop_lut4_I1_O)        0.124     6.719 f  dync/counter[31]_i_7/O
                         net (fo=1, routed)           0.303     7.022    dync/counter[31]_i_7_n_0
    SLICE_X0Y106         LUT5 (Prop_lut5_I4_O)        0.124     7.146 f  dync/counter[31]_i_3/O
                         net (fo=2, routed)           1.150     8.295    dync/counter[31]_i_3_n_0
    SLICE_X0Y102         LUT4 (Prop_lut4_I1_O)        0.124     8.419 r  dync/counter[31]_i_1/O
                         net (fo=31, routed)          0.807     9.226    dync/temp
    SLICE_X1Y106         FDRE                                         r  dync/counter_reg[27]/R
  -------------------------------------------------------------------    -------------------

                         (clock sys_clk_pin rise edge)
                                                     10.000    10.000 r  
    E3                                                0.000    10.000 r  clk_i (IN)
                         net (fo=0)                   0.000    10.000    clk_i
    E3                   IBUF (Prop_ibuf_I_O)         1.411    11.411 r  clk_i_IBUF_inst/O
                         net (fo=1, routed)           1.920    13.331    clk_i_IBUF
    BUFGCTRL_X0Y16       BUFG (Prop_bufg_I_O)         0.091    13.422 r  clk_i_IBUF_BUFG_inst/O
                         net (fo=33, routed)          1.589    15.011    dync/clk_i_IBUF_BUFG
    SLICE_X1Y106         FDRE                                         r  dync/counter_reg[27]/C
                         clock pessimism              0.300    15.311    
                         clock uncertainty           -0.035    15.276    
    SLICE_X1Y106         FDRE (Setup_fdre_C_R)       -0.429    14.847    dync/counter_reg[27]
  -------------------------------------------------------------------
                         required time                         14.847    
                         arrival time                          -9.226    
  -------------------------------------------------------------------
                         slack                                  5.621    

Slack (MET) :             5.621ns  (required time - arrival time)
  Source:                 dync/counter_reg[28]/C
                            (rising edge-triggered cell FDRE clocked by sys_clk_pin  {rise@0.000ns fall@5.000ns period=10.000ns})
  Destination:            dync/counter_reg[28]/R
                            (rising edge-triggered cell FDRE clocked by sys_clk_pin  {rise@0.000ns fall@5.000ns period=10.000ns})
  Path Group:             sys_clk_pin
  Path Type:              Setup (Max at Slow Process Corner)
  Requirement:            10.000ns  (sys_clk_pin rise@10.000ns - sys_clk_pin rise@0.000ns)
  Data Path Delay:        3.915ns  (logic 0.828ns (21.151%)  route 3.087ns (78.849%))
  Logic Levels:           3  (LUT4=2 LUT5=1)
  Clock Path Skew:        0.000ns (DCD - SCD + CPR)
    Destination Clock Delay (DCD):    5.011ns = ( 15.011 - 10.000 ) 
    Source Clock Delay      (SCD):    5.311ns
    Clock Pessimism Removal (CPR):    0.300ns
  Clock Uncertainty:      0.035ns  ((TSJ^2 + TIJ^2)^1/2 + DJ) / 2 + PE
    Total System Jitter     (TSJ):    0.071ns
    Total Input Jitter      (TIJ):    0.000ns
    Discrete Jitter          (DJ):    0.000ns
    Phase Error              (PE):    0.000ns

    Location             Delay type                Incr(ns)  Path(ns)    Netlist Resource(s)
  -------------------------------------------------------------------    -------------------
                         (clock sys_clk_pin rise edge)
                                                      0.000     0.000 r  
    E3                                                0.000     0.000 r  clk_i (IN)
                         net (fo=0)                   0.000     0.000    clk_i
    E3                   IBUF (Prop_ibuf_I_O)         1.482     1.482 r  clk_i_IBUF_inst/O
                         net (fo=1, routed)           2.025     3.506    clk_i_IBUF
    BUFGCTRL_X0Y16       BUFG (Prop_bufg_I_O)         0.096     3.602 r  clk_i_IBUF_BUFG_inst/O
                         net (fo=33, routed)          1.709     5.311    dync/clk_i_IBUF_BUFG
    SLICE_X1Y106         FDRE                                         r  dync/counter_reg[28]/C
  -------------------------------------------------------------------    -------------------
    SLICE_X1Y106         FDRE (Prop_fdre_C_Q)         0.456     5.767 f  dync/counter_reg[28]/Q
                         net (fo=2, routed)           0.828     6.595    dync/counter[28]
    SLICE_X0Y107         LUT4 (Prop_lut4_I1_O)        0.124     6.719 f  dync/counter[31]_i_7/O
                         net (fo=1, routed)           0.303     7.022    dync/counter[31]_i_7_n_0
    SLICE_X0Y106         LUT5 (Prop_lut5_I4_O)        0.124     7.146 f  dync/counter[31]_i_3/O
                         net (fo=2, routed)           1.150     8.295    dync/counter[31]_i_3_n_0
    SLICE_X0Y102         LUT4 (Prop_lut4_I1_O)        0.124     8.419 r  dync/counter[31]_i_1/O
                         net (fo=31, routed)          0.807     9.226    dync/temp
    SLICE_X1Y106         FDRE                                         r  dync/counter_reg[28]/R
  -------------------------------------------------------------------    -------------------

                         (clock sys_clk_pin rise edge)
                                                     10.000    10.000 r  
    E3                                                0.000    10.000 r  clk_i (IN)
                         net (fo=0)                   0.000    10.000    clk_i
    E3                   IBUF (Prop_ibuf_I_O)         1.411    11.411 r  clk_i_IBUF_inst/O
                         net (fo=1, routed)           1.920    13.331    clk_i_IBUF
    BUFGCTRL_X0Y16       BUFG (Prop_bufg_I_O)         0.091    13.422 r  clk_i_IBUF_BUFG_inst/O
                         net (fo=33, routed)          1.589    15.011    dync/clk_i_IBUF_BUFG
    SLICE_X1Y106         FDRE                                         r  dync/counter_reg[28]/C
                         clock pessimism              0.300    15.311    
                         clock uncertainty           -0.035    15.276    
    SLICE_X1Y106         FDRE (Setup_fdre_C_R)       -0.429    14.847    dync/counter_reg[28]
  -------------------------------------------------------------------
                         required time                         14.847    
                         arrival time                          -9.226    
  -------------------------------------------------------------------
                         slack                                  5.621    

Slack (MET) :             5.744ns  (required time - arrival time)
  Source:                 dync/counter_reg[28]/C
                            (rising edge-triggered cell FDRE clocked by sys_clk_pin  {rise@0.000ns fall@5.000ns period=10.000ns})
  Destination:            dync/counter_reg[21]/R
                            (rising edge-triggered cell FDRE clocked by sys_clk_pin  {rise@0.000ns fall@5.000ns period=10.000ns})
  Path Group:             sys_clk_pin
  Path Type:              Setup (Max at Slow Process Corner)
  Requirement:            10.000ns  (sys_clk_pin rise@10.000ns - sys_clk_pin rise@0.000ns)
  Data Path Delay:        3.766ns  (logic 0.828ns (21.984%)  route 2.938ns (78.016%))
  Logic Levels:           3  (LUT4=2 LUT5=1)
  Clock Path Skew:        -0.025ns (DCD - SCD + CPR)
    Destination Clock Delay (DCD):    5.011ns = ( 15.011 - 10.000 ) 
    Source Clock Delay      (SCD):    5.311ns
    Clock Pessimism Removal (CPR):    0.275ns
  Clock Uncertainty:      0.035ns  ((TSJ^2 + TIJ^2)^1/2 + DJ) / 2 + PE
    Total System Jitter     (TSJ):    0.071ns
    Total Input Jitter      (TIJ):    0.000ns
    Discrete Jitter          (DJ):    0.000ns
    Phase Error              (PE):    0.000ns

    Location             Delay type                Incr(ns)  Path(ns)    Netlist Resource(s)
  -------------------------------------------------------------------    -------------------
                         (clock sys_clk_pin rise edge)
                                                      0.000     0.000 r  
    E3                                                0.000     0.000 r  clk_i (IN)
                         net (fo=0)                   0.000     0.000    clk_i
    E3                   IBUF (Prop_ibuf_I_O)         1.482     1.482 r  clk_i_IBUF_inst/O
                         net (fo=1, routed)           2.025     3.506    clk_i_IBUF
    BUFGCTRL_X0Y16       BUFG (Prop_bufg_I_O)         0.096     3.602 r  clk_i_IBUF_BUFG_inst/O
                         net (fo=33, routed)          1.709     5.311    dync/clk_i_IBUF_BUFG
    SLICE_X1Y106         FDRE                                         r  dync/counter_reg[28]/C
  -------------------------------------------------------------------    -------------------
    SLICE_X1Y106         FDRE (Prop_fdre_C_Q)         0.456     5.767 f  dync/counter_reg[28]/Q
                         net (fo=2, routed)           0.828     6.595    dync/counter[28]
    SLICE_X0Y107         LUT4 (Prop_lut4_I1_O)        0.124     6.719 f  dync/counter[31]_i_7/O
                         net (fo=1, routed)           0.303     7.022    dync/counter[31]_i_7_n_0
    SLICE_X0Y106         LUT5 (Prop_lut5_I4_O)        0.124     7.146 f  dync/counter[31]_i_3/O
                         net (fo=2, routed)           1.150     8.295    dync/counter[31]_i_3_n_0
    SLICE_X0Y102         LUT4 (Prop_lut4_I1_O)        0.124     8.419 r  dync/counter[31]_i_1/O
                         net (fo=31, routed)          0.659     9.078    dync/temp
    SLICE_X1Y105         FDRE                                         r  dync/counter_reg[21]/R
  -------------------------------------------------------------------    -------------------

                         (clock sys_clk_pin rise edge)
                                                     10.000    10.000 r  
    E3                                                0.000    10.000 r  clk_i (IN)
                         net (fo=0)                   0.000    10.000    clk_i
    E3                   IBUF (Prop_ibuf_I_O)         1.411    11.411 r  clk_i_IBUF_inst/O
                         net (fo=1, routed)           1.920    13.331    clk_i_IBUF
    BUFGCTRL_X0Y16       BUFG (Prop_bufg_I_O)         0.091    13.422 r  clk_i_IBUF_BUFG_inst/O
                         net (fo=33, routed)          1.589    15.011    dync/clk_i_IBUF_BUFG
    SLICE_X1Y105         FDRE                                         r  dync/counter_reg[21]/C
                         clock pessimism              0.275    15.286    
                         clock uncertainty           -0.035    15.251    
    SLICE_X1Y105         FDRE (Setup_fdre_C_R)       -0.429    14.822    dync/counter_reg[21]
  -------------------------------------------------------------------
                         required time                         14.822    
                         arrival time                          -9.078    
  -------------------------------------------------------------------
                         slack                                  5.744    

Slack (MET) :             5.744ns  (required time - arrival time)
  Source:                 dync/counter_reg[28]/C
                            (rising edge-triggered cell FDRE clocked by sys_clk_pin  {rise@0.000ns fall@5.000ns period=10.000ns})
  Destination:            dync/counter_reg[22]/R
                            (rising edge-triggered cell FDRE clocked by sys_clk_pin  {rise@0.000ns fall@5.000ns period=10.000ns})
  Path Group:             sys_clk_pin
  Path Type:              Setup (Max at Slow Process Corner)
  Requirement:            10.000ns  (sys_clk_pin rise@10.000ns - sys_clk_pin rise@0.000ns)
  Data Path Delay:        3.766ns  (logic 0.828ns (21.984%)  route 2.938ns (78.016%))
  Logic Levels:           3  (LUT4=2 LUT5=1)
  Clock Path Skew:        -0.025ns (DCD - SCD + CPR)
    Destination Clock Delay (DCD):    5.011ns = ( 15.011 - 10.000 ) 
    Source Clock Delay      (SCD):    5.311ns
    Clock Pessimism Removal (CPR):    0.275ns
  Clock Uncertainty:      0.035ns  ((TSJ^2 + TIJ^2)^1/2 + DJ) / 2 + PE
    Total System Jitter     (TSJ):    0.071ns
    Total Input Jitter      (TIJ):    0.000ns
    Discrete Jitter          (DJ):    0.000ns
    Phase Error              (PE):    0.000ns

    Location             Delay type                Incr(ns)  Path(ns)    Netlist Resource(s)
  -------------------------------------------------------------------    -------------------
                         (clock sys_clk_pin rise edge)
                                                      0.000     0.000 r  
    E3                                                0.000     0.000 r  clk_i (IN)
                         net (fo=0)                   0.000     0.000    clk_i
    E3                   IBUF (Prop_ibuf_I_O)         1.482     1.482 r  clk_i_IBUF_inst/O
                         net (fo=1, routed)           2.025     3.506    clk_i_IBUF
    BUFGCTRL_X0Y16       BUFG (Prop_bufg_I_O)         0.096     3.602 r  clk_i_IBUF_BUFG_inst/O
                         net (fo=33, routed)          1.709     5.311    dync/clk_i_IBUF_BUFG
    SLICE_X1Y106         FDRE                                         r  dync/counter_reg[28]/C
  -------------------------------------------------------------------    -------------------
    SLICE_X1Y106         FDRE (Prop_fdre_C_Q)         0.456     5.767 f  dync/counter_reg[28]/Q
                         net (fo=2, routed)           0.828     6.595    dync/counter[28]
    SLICE_X0Y107         LUT4 (Prop_lut4_I1_O)        0.124     6.719 f  dync/counter[31]_i_7/O
                         net (fo=1, routed)           0.303     7.022    dync/counter[31]_i_7_n_0
    SLICE_X0Y106         LUT5 (Prop_lut5_I4_O)        0.124     7.146 f  dync/counter[31]_i_3/O
                         net (fo=2, routed)           1.150     8.295    dync/counter[31]_i_3_n_0
    SLICE_X0Y102         LUT4 (Prop_lut4_I1_O)        0.124     8.419 r  dync/counter[31]_i_1/O
                         net (fo=31, routed)          0.659     9.078    dync/temp
    SLICE_X1Y105         FDRE                                         r  dync/counter_reg[22]/R
  -------------------------------------------------------------------    -------------------

                         (clock sys_clk_pin rise edge)
                                                     10.000    10.000 r  
    E3                                                0.000    10.000 r  clk_i (IN)
                         net (fo=0)                   0.000    10.000    clk_i
    E3                   IBUF (Prop_ibuf_I_O)         1.411    11.411 r  clk_i_IBUF_inst/O
                         net (fo=1, routed)           1.920    13.331    clk_i_IBUF
    BUFGCTRL_X0Y16       BUFG (Prop_bufg_I_O)         0.091    13.422 r  clk_i_IBUF_BUFG_inst/O
                         net (fo=33, routed)          1.589    15.011    dync/clk_i_IBUF_BUFG
    SLICE_X1Y105         FDRE                                         r  dync/counter_reg[22]/C
                         clock pessimism              0.275    15.286    
                         clock uncertainty           -0.035    15.251    
    SLICE_X1Y105         FDRE (Setup_fdre_C_R)       -0.429    14.822    dync/counter_reg[22]
  -------------------------------------------------------------------
                         required time                         14.822    
                         arrival time                          -9.078    
  -------------------------------------------------------------------
                         slack                                  5.744    

Slack (MET) :             5.744ns  (required time - arrival time)
  Source:                 dync/counter_reg[28]/C
                            (rising edge-triggered cell FDRE clocked by sys_clk_pin  {rise@0.000ns fall@5.000ns period=10.000ns})
  Destination:            dync/counter_reg[23]/R
                            (rising edge-triggered cell FDRE clocked by sys_clk_pin  {rise@0.000ns fall@5.000ns period=10.000ns})
  Path Group:             sys_clk_pin
  Path Type:              Setup (Max at Slow Process Corner)
  Requirement:            10.000ns  (sys_clk_pin rise@10.000ns - sys_clk_pin rise@0.000ns)
  Data Path Delay:        3.766ns  (logic 0.828ns (21.984%)  route 2.938ns (78.016%))
  Logic Levels:           3  (LUT4=2 LUT5=1)
  Clock Path Skew:        -0.025ns (DCD - SCD + CPR)
    Destination Clock Delay (DCD):    5.011ns = ( 15.011 - 10.000 ) 
    Source Clock Delay      (SCD):    5.311ns
    Clock Pessimism Removal (CPR):    0.275ns
  Clock Uncertainty:      0.035ns  ((TSJ^2 + TIJ^2)^1/2 + DJ) / 2 + PE
    Total System Jitter     (TSJ):    0.071ns
    Total Input Jitter      (TIJ):    0.000ns
    Discrete Jitter          (DJ):    0.000ns
    Phase Error              (PE):    0.000ns

    Location             Delay type                Incr(ns)  Path(ns)    Netlist Resource(s)
  -------------------------------------------------------------------    -------------------
                         (clock sys_clk_pin rise edge)
                                                      0.000     0.000 r  
    E3                                                0.000     0.000 r  clk_i (IN)
                         net (fo=0)                   0.000     0.000    clk_i
    E3                   IBUF (Prop_ibuf_I_O)         1.482     1.482 r  clk_i_IBUF_inst/O
                         net (fo=1, routed)           2.025     3.506    clk_i_IBUF
    BUFGCTRL_X0Y16       BUFG (Prop_bufg_I_O)         0.096     3.602 r  clk_i_IBUF_BUFG_inst/O
                         net (fo=33, routed)          1.709     5.311    dync/clk_i_IBUF_BUFG
    SLICE_X1Y106         FDRE                                         r  dync/counter_reg[28]/C
  -------------------------------------------------------------------    -------------------
    SLICE_X1Y106         FDRE (Prop_fdre_C_Q)         0.456     5.767 f  dync/counter_reg[28]/Q
                         net (fo=2, routed)           0.828     6.595    dync/counter[28]
    SLICE_X0Y107         LUT4 (Prop_lut4_I1_O)        0.124     6.719 f  dync/counter[31]_i_7/O
                         net (fo=1, routed)           0.303     7.022    dync/counter[31]_i_7_n_0
    SLICE_X0Y106         LUT5 (Prop_lut5_I4_O)        0.124     7.146 f  dync/counter[31]_i_3/O
                         net (fo=2, routed)           1.150     8.295    dync/counter[31]_i_3_n_0
    SLICE_X0Y102         LUT4 (Prop_lut4_I1_O)        0.124     8.419 r  dync/counter[31]_i_1/O
                         net (fo=31, routed)          0.659     9.078    dync/temp
    SLICE_X1Y105         FDRE                                         r  dync/counter_reg[23]/R
  -------------------------------------------------------------------    -------------------

                         (clock sys_clk_pin rise edge)
                                                     10.000    10.000 r  
    E3                                                0.000    10.000 r  clk_i (IN)
                         net (fo=0)                   0.000    10.000    clk_i
    E3                   IBUF (Prop_ibuf_I_O)         1.411    11.411 r  clk_i_IBUF_inst/O
                         net (fo=1, routed)           1.920    13.331    clk_i_IBUF
    BUFGCTRL_X0Y16       BUFG (Prop_bufg_I_O)         0.091    13.422 r  clk_i_IBUF_BUFG_inst/O
                         net (fo=33, routed)          1.589    15.011    dync/clk_i_IBUF_BUFG
    SLICE_X1Y105         FDRE                                         r  dync/counter_reg[23]/C
                         clock pessimism              0.275    15.286    
                         clock uncertainty           -0.035    15.251    
    SLICE_X1Y105         FDRE (Setup_fdre_C_R)       -0.429    14.822    dync/counter_reg[23]
  -------------------------------------------------------------------
                         required time                         14.822    
                         arrival time                          -9.078    
  -------------------------------------------------------------------
                         slack                                  5.744    





Min Delay Paths
--------------------------------------------------------------------------------------
Slack (MET) :             0.263ns  (arrival time - required time)
  Source:                 dync/counter_reg[0]/C
                            (rising edge-triggered cell FDRE clocked by sys_clk_pin  {rise@0.000ns fall@5.000ns period=10.000ns})
  Destination:            dync/counter_reg[0]/D
                            (rising edge-triggered cell FDRE clocked by sys_clk_pin  {rise@0.000ns fall@5.000ns period=10.000ns})
  Path Group:             sys_clk_pin
  Path Type:              Hold (Min at Fast Process Corner)
  Requirement:            0.000ns  (sys_clk_pin rise@0.000ns - sys_clk_pin rise@0.000ns)
  Data Path Delay:        0.368ns  (logic 0.183ns (49.764%)  route 0.185ns (50.236%))
  Logic Levels:           1  (LUT1=1)
  Clock Path Skew:        0.000ns (DCD - SCD - CPR)
    Destination Clock Delay (DCD):    2.037ns
    Source Clock Delay      (SCD):    1.518ns
    Clock Pessimism Removal (CPR):    0.518ns

    Location             Delay type                Incr(ns)  Path(ns)    Netlist Resource(s)
  -------------------------------------------------------------------    -------------------
                         (clock sys_clk_pin rise edge)
                                                      0.000     0.000 r  
    E3                                                0.000     0.000 r  clk_i (IN)
                         net (fo=0)                   0.000     0.000    clk_i
    E3                   IBUF (Prop_ibuf_I_O)         0.250     0.250 r  clk_i_IBUF_inst/O
                         net (fo=1, routed)           0.644     0.894    clk_i_IBUF
    BUFGCTRL_X0Y16       BUFG (Prop_bufg_I_O)         0.026     0.920 r  clk_i_IBUF_BUFG_inst/O
                         net (fo=33, routed)          0.599     1.518    dync/clk_i_IBUF_BUFG
    SLICE_X0Y101         FDRE                                         r  dync/counter_reg[0]/C
  -------------------------------------------------------------------    -------------------
    SLICE_X0Y101         FDRE (Prop_fdre_C_Q)         0.141     1.659 f  dync/counter_reg[0]/Q
                         net (fo=3, routed)           0.185     1.844    dync/counter[0]
    SLICE_X0Y101         LUT1 (Prop_lut1_I0_O)        0.042     1.886 r  dync/counter[0]_i_1/O
                         net (fo=1, routed)           0.000     1.886    dync/counter_0[0]
    SLICE_X0Y101         FDRE                                         r  dync/counter_reg[0]/D
  -------------------------------------------------------------------    -------------------

                         (clock sys_clk_pin rise edge)
                                                      0.000     0.000 r  
    E3                                                0.000     0.000 r  clk_i (IN)
                         net (fo=0)                   0.000     0.000    clk_i
    E3                   IBUF (Prop_ibuf_I_O)         0.438     0.438 r  clk_i_IBUF_inst/O
                         net (fo=1, routed)           0.699     1.136    clk_i_IBUF
    BUFGCTRL_X0Y16       BUFG (Prop_bufg_I_O)         0.029     1.165 r  clk_i_IBUF_BUFG_inst/O
                         net (fo=33, routed)          0.872     2.037    dync/clk_i_IBUF_BUFG
    SLICE_X0Y101         FDRE                                         r  dync/counter_reg[0]/C
                         clock pessimism             -0.518     1.518    
    SLICE_X0Y101         FDRE (Hold_fdre_C_D)         0.105     1.623    dync/counter_reg[0]
  -------------------------------------------------------------------
                         required time                         -1.623    
                         arrival time                           1.886    
  -------------------------------------------------------------------
                         slack                                  0.263    

Slack (MET) :             0.264ns  (arrival time - required time)
  Source:                 dync/counter_reg[12]/C
                            (rising edge-triggered cell FDRE clocked by sys_clk_pin  {rise@0.000ns fall@5.000ns period=10.000ns})
  Destination:            dync/counter_reg[12]/D
                            (rising edge-triggered cell FDRE clocked by sys_clk_pin  {rise@0.000ns fall@5.000ns period=10.000ns})
  Path Group:             sys_clk_pin
  Path Type:              Hold (Min at Fast Process Corner)
  Requirement:            0.000ns  (sys_clk_pin rise@0.000ns - sys_clk_pin rise@0.000ns)
  Data Path Delay:        0.369ns  (logic 0.249ns (67.424%)  route 0.120ns (32.576%))
  Logic Levels:           1  (CARRY4=1)
  Clock Path Skew:        0.000ns (DCD - SCD - CPR)
    Destination Clock Delay (DCD):    2.037ns
    Source Clock Delay      (SCD):    1.518ns
    Clock Pessimism Removal (CPR):    0.518ns

    Location             Delay type                Incr(ns)  Path(ns)    Netlist Resource(s)
  -------------------------------------------------------------------    -------------------
                         (clock sys_clk_pin rise edge)
                                                      0.000     0.000 r  
    E3                                                0.000     0.000 r  clk_i (IN)
                         net (fo=0)                   0.000     0.000    clk_i
    E3                   IBUF (Prop_ibuf_I_O)         0.250     0.250 r  clk_i_IBUF_inst/O
                         net (fo=1, routed)           0.644     0.894    clk_i_IBUF
    BUFGCTRL_X0Y16       BUFG (Prop_bufg_I_O)         0.026     0.920 r  clk_i_IBUF_BUFG_inst/O
                         net (fo=33, routed)          0.599     1.518    dync/clk_i_IBUF_BUFG
    SLICE_X1Y102         FDRE                                         r  dync/counter_reg[12]/C
  -------------------------------------------------------------------    -------------------
    SLICE_X1Y102         FDRE (Prop_fdre_C_Q)         0.141     1.659 r  dync/counter_reg[12]/Q
                         net (fo=2, routed)           0.120     1.780    dync/counter[12]
    SLICE_X1Y102         CARRY4 (Prop_carry4_S[3]_O[3])
                                                      0.108     1.888 r  dync/counter0_carry__1/O[3]
                         net (fo=1, routed)           0.000     1.888    dync/data0[12]
    SLICE_X1Y102         FDRE                                         r  dync/counter_reg[12]/D
  -------------------------------------------------------------------    -------------------

                         (clock sys_clk_pin rise edge)
                                                      0.000     0.000 r  
    E3                                                0.000     0.000 r  clk_i (IN)
                         net (fo=0)                   0.000     0.000    clk_i
    E3                   IBUF (Prop_ibuf_I_O)         0.438     0.438 r  clk_i_IBUF_inst/O
                         net (fo=1, routed)           0.699     1.136    clk_i_IBUF
    BUFGCTRL_X0Y16       BUFG (Prop_bufg_I_O)         0.029     1.165 r  clk_i_IBUF_BUFG_inst/O
                         net (fo=33, routed)          0.872     2.037    dync/clk_i_IBUF_BUFG
    SLICE_X1Y102         FDRE                                         r  dync/counter_reg[12]/C
                         clock pessimism             -0.518     1.518    
    SLICE_X1Y102         FDRE (Hold_fdre_C_D)         0.105     1.623    dync/counter_reg[12]
  -------------------------------------------------------------------
                         required time                         -1.623    
                         arrival time                           1.888    
  -------------------------------------------------------------------
                         slack                                  0.264    

Slack (MET) :             0.264ns  (arrival time - required time)
  Source:                 dync/counter_reg[4]/C
                            (rising edge-triggered cell FDRE clocked by sys_clk_pin  {rise@0.000ns fall@5.000ns period=10.000ns})
  Destination:            dync/counter_reg[4]/D
                            (rising edge-triggered cell FDRE clocked by sys_clk_pin  {rise@0.000ns fall@5.000ns period=10.000ns})
  Path Group:             sys_clk_pin
  Path Type:              Hold (Min at Fast Process Corner)
  Requirement:            0.000ns  (sys_clk_pin rise@0.000ns - sys_clk_pin rise@0.000ns)
  Data Path Delay:        0.369ns  (logic 0.249ns (67.424%)  route 0.120ns (32.576%))
  Logic Levels:           1  (CARRY4=1)
  Clock Path Skew:        0.000ns (DCD - SCD - CPR)
    Destination Clock Delay (DCD):    2.037ns
    Source Clock Delay      (SCD):    1.518ns
    Clock Pessimism Removal (CPR):    0.518ns

    Location             Delay type                Incr(ns)  Path(ns)    Netlist Resource(s)
  -------------------------------------------------------------------    -------------------
                         (clock sys_clk_pin rise edge)
                                                      0.000     0.000 r  
    E3                                                0.000     0.000 r  clk_i (IN)
                         net (fo=0)                   0.000     0.000    clk_i
    E3                   IBUF (Prop_ibuf_I_O)         0.250     0.250 r  clk_i_IBUF_inst/O
                         net (fo=1, routed)           0.644     0.894    clk_i_IBUF
    BUFGCTRL_X0Y16       BUFG (Prop_bufg_I_O)         0.026     0.920 r  clk_i_IBUF_BUFG_inst/O
                         net (fo=33, routed)          0.599     1.518    dync/clk_i_IBUF_BUFG
    SLICE_X1Y100         FDRE                                         r  dync/counter_reg[4]/C
  -------------------------------------------------------------------    -------------------
    SLICE_X1Y100         FDRE (Prop_fdre_C_Q)         0.141     1.659 r  dync/counter_reg[4]/Q
                         net (fo=2, routed)           0.120     1.780    dync/counter[4]
    SLICE_X1Y100         CARRY4 (Prop_carry4_S[3]_O[3])
                                                      0.108     1.888 r  dync/counter0_carry/O[3]
                         net (fo=1, routed)           0.000     1.888    dync/data0[4]
    SLICE_X1Y100         FDRE                                         r  dync/counter_reg[4]/D
  -------------------------------------------------------------------    -------------------

                         (clock sys_clk_pin rise edge)
                                                      0.000     0.000 r  
    E3                                                0.000     0.000 r  clk_i (IN)
                         net (fo=0)                   0.000     0.000    clk_i
    E3                   IBUF (Prop_ibuf_I_O)         0.438     0.438 r  clk_i_IBUF_inst/O
                         net (fo=1, routed)           0.699     1.136    clk_i_IBUF
    BUFGCTRL_X0Y16       BUFG (Prop_bufg_I_O)         0.029     1.165 r  clk_i_IBUF_BUFG_inst/O
                         net (fo=33, routed)          0.872     2.037    dync/clk_i_IBUF_BUFG
    SLICE_X1Y100         FDRE                                         r  dync/counter_reg[4]/C
                         clock pessimism             -0.518     1.518    
    SLICE_X1Y100         FDRE (Hold_fdre_C_D)         0.105     1.623    dync/counter_reg[4]
  -------------------------------------------------------------------
                         required time                         -1.623    
                         arrival time                           1.888    
  -------------------------------------------------------------------
                         slack                                  0.264    

Slack (MET) :             0.264ns  (arrival time - required time)
  Source:                 dync/counter_reg[8]/C
                            (rising edge-triggered cell FDRE clocked by sys_clk_pin  {rise@0.000ns fall@5.000ns period=10.000ns})
  Destination:            dync/counter_reg[8]/D
                            (rising edge-triggered cell FDRE clocked by sys_clk_pin  {rise@0.000ns fall@5.000ns period=10.000ns})
  Path Group:             sys_clk_pin
  Path Type:              Hold (Min at Fast Process Corner)
  Requirement:            0.000ns  (sys_clk_pin rise@0.000ns - sys_clk_pin rise@0.000ns)
  Data Path Delay:        0.369ns  (logic 0.249ns (67.424%)  route 0.120ns (32.576%))
  Logic Levels:           1  (CARRY4=1)
  Clock Path Skew:        0.000ns (DCD - SCD - CPR)
    Destination Clock Delay (DCD):    2.037ns
    Source Clock Delay      (SCD):    1.518ns
    Clock Pessimism Removal (CPR):    0.518ns

    Location             Delay type                Incr(ns)  Path(ns)    Netlist Resource(s)
  -------------------------------------------------------------------    -------------------
                         (clock sys_clk_pin rise edge)
                                                      0.000     0.000 r  
    E3                                                0.000     0.000 r  clk_i (IN)
                         net (fo=0)                   0.000     0.000    clk_i
    E3                   IBUF (Prop_ibuf_I_O)         0.250     0.250 r  clk_i_IBUF_inst/O
                         net (fo=1, routed)           0.644     0.894    clk_i_IBUF
    BUFGCTRL_X0Y16       BUFG (Prop_bufg_I_O)         0.026     0.920 r  clk_i_IBUF_BUFG_inst/O
                         net (fo=33, routed)          0.599     1.518    dync/clk_i_IBUF_BUFG
    SLICE_X1Y101         FDRE                                         r  dync/counter_reg[8]/C
  -------------------------------------------------------------------    -------------------
    SLICE_X1Y101         FDRE (Prop_fdre_C_Q)         0.141     1.659 r  dync/counter_reg[8]/Q
                         net (fo=2, routed)           0.120     1.780    dync/counter[8]
    SLICE_X1Y101         CARRY4 (Prop_carry4_S[3]_O[3])
                                                      0.108     1.888 r  dync/counter0_carry__0/O[3]
                         net (fo=1, routed)           0.000     1.888    dync/data0[8]
    SLICE_X1Y101         FDRE                                         r  dync/counter_reg[8]/D
  -------------------------------------------------------------------    -------------------

                         (clock sys_clk_pin rise edge)
                                                      0.000     0.000 r  
    E3                                                0.000     0.000 r  clk_i (IN)
                         net (fo=0)                   0.000     0.000    clk_i
    E3                   IBUF (Prop_ibuf_I_O)         0.438     0.438 r  clk_i_IBUF_inst/O
                         net (fo=1, routed)           0.699     1.136    clk_i_IBUF
    BUFGCTRL_X0Y16       BUFG (Prop_bufg_I_O)         0.029     1.165 r  clk_i_IBUF_BUFG_inst/O
                         net (fo=33, routed)          0.872     2.037    dync/clk_i_IBUF_BUFG
    SLICE_X1Y101         FDRE                                         r  dync/counter_reg[8]/C
                         clock pessimism             -0.518     1.518    
    SLICE_X1Y101         FDRE (Hold_fdre_C_D)         0.105     1.623    dync/counter_reg[8]
  -------------------------------------------------------------------
                         required time                         -1.623    
                         arrival time                           1.888    
  -------------------------------------------------------------------
                         slack                                  0.264    

Slack (MET) :             0.264ns  (arrival time - required time)
  Source:                 dync/counter_reg[16]/C
                            (rising edge-triggered cell FDRE clocked by sys_clk_pin  {rise@0.000ns fall@5.000ns period=10.000ns})
  Destination:            dync/counter_reg[16]/D
                            (rising edge-triggered cell FDRE clocked by sys_clk_pin  {rise@0.000ns fall@5.000ns period=10.000ns})
  Path Group:             sys_clk_pin
  Path Type:              Hold (Min at Fast Process Corner)
  Requirement:            0.000ns  (sys_clk_pin rise@0.000ns - sys_clk_pin rise@0.000ns)
  Data Path Delay:        0.369ns  (logic 0.249ns (67.424%)  route 0.120ns (32.576%))
  Logic Levels:           1  (CARRY4=1)
  Clock Path Skew:        0.000ns (DCD - SCD - CPR)
    Destination Clock Delay (DCD):    2.036ns
    Source Clock Delay      (SCD):    1.517ns
    Clock Pessimism Removal (CPR):    0.518ns

    Location             Delay type                Incr(ns)  Path(ns)    Netlist Resource(s)
  -------------------------------------------------------------------    -------------------
                         (clock sys_clk_pin rise edge)
                                                      0.000     0.000 r  
    E3                                                0.000     0.000 r  clk_i (IN)
                         net (fo=0)                   0.000     0.000    clk_i
    E3                   IBUF (Prop_ibuf_I_O)         0.250     0.250 r  clk_i_IBUF_inst/O
                         net (fo=1, routed)           0.644     0.894    clk_i_IBUF
    BUFGCTRL_X0Y16       BUFG (Prop_bufg_I_O)         0.026     0.920 r  clk_i_IBUF_BUFG_inst/O
                         net (fo=33, routed)          0.598     1.517    dync/clk_i_IBUF_BUFG
    SLICE_X1Y103         FDRE                                         r  dync/counter_reg[16]/C
  -------------------------------------------------------------------    -------------------
    SLICE_X1Y103         FDRE (Prop_fdre_C_Q)         0.141     1.658 r  dync/counter_reg[16]/Q
                         net (fo=2, routed)           0.120     1.779    dync/counter[16]
    SLICE_X1Y103         CARRY4 (Prop_carry4_S[3]_O[3])
                                                      0.108     1.887 r  dync/counter0_carry__2/O[3]
                         net (fo=1, routed)           0.000     1.887    dync/data0[16]
    SLICE_X1Y103         FDRE                                         r  dync/counter_reg[16]/D
  -------------------------------------------------------------------    -------------------

                         (clock sys_clk_pin rise edge)
                                                      0.000     0.000 r  
    E3                                                0.000     0.000 r  clk_i (IN)
                         net (fo=0)                   0.000     0.000    clk_i
    E3                   IBUF (Prop_ibuf_I_O)         0.438     0.438 r  clk_i_IBUF_inst/O
                         net (fo=1, routed)           0.699     1.136    clk_i_IBUF
    BUFGCTRL_X0Y16       BUFG (Prop_bufg_I_O)         0.029     1.165 r  clk_i_IBUF_BUFG_inst/O
                         net (fo=33, routed)          0.871     2.036    dync/clk_i_IBUF_BUFG
    SLICE_X1Y103         FDRE                                         r  dync/counter_reg[16]/C
                         clock pessimism             -0.518     1.517    
    SLICE_X1Y103         FDRE (Hold_fdre_C_D)         0.105     1.622    dync/counter_reg[16]
  -------------------------------------------------------------------
                         required time                         -1.622    
                         arrival time                           1.887    
  -------------------------------------------------------------------
                         slack                                  0.264    

Slack (MET) :             0.264ns  (arrival time - required time)
  Source:                 dync/counter_reg[20]/C
                            (rising edge-triggered cell FDRE clocked by sys_clk_pin  {rise@0.000ns fall@5.000ns period=10.000ns})
  Destination:            dync/counter_reg[20]/D
                            (rising edge-triggered cell FDRE clocked by sys_clk_pin  {rise@0.000ns fall@5.000ns period=10.000ns})
  Path Group:             sys_clk_pin
  Path Type:              Hold (Min at Fast Process Corner)
  Requirement:            0.000ns  (sys_clk_pin rise@0.000ns - sys_clk_pin rise@0.000ns)
  Data Path Delay:        0.369ns  (logic 0.249ns (67.424%)  route 0.120ns (32.576%))
  Logic Levels:           1  (CARRY4=1)
  Clock Path Skew:        0.000ns (DCD - SCD - CPR)
    Destination Clock Delay (DCD):    2.036ns
    Source Clock Delay      (SCD):    1.517ns
    Clock Pessimism Removal (CPR):    0.518ns

    Location             Delay type                Incr(ns)  Path(ns)    Netlist Resource(s)
  -------------------------------------------------------------------    -------------------
                         (clock sys_clk_pin rise edge)
                                                      0.000     0.000 r  
    E3                                                0.000     0.000 r  clk_i (IN)
                         net (fo=0)                   0.000     0.000    clk_i
    E3                   IBUF (Prop_ibuf_I_O)         0.250     0.250 r  clk_i_IBUF_inst/O
                         net (fo=1, routed)           0.644     0.894    clk_i_IBUF
    BUFGCTRL_X0Y16       BUFG (Prop_bufg_I_O)         0.026     0.920 r  clk_i_IBUF_BUFG_inst/O
                         net (fo=33, routed)          0.598     1.517    dync/clk_i_IBUF_BUFG
    SLICE_X1Y104         FDRE                                         r  dync/counter_reg[20]/C
  -------------------------------------------------------------------    -------------------
    SLICE_X1Y104         FDRE (Prop_fdre_C_Q)         0.141     1.658 r  dync/counter_reg[20]/Q
                         net (fo=2, routed)           0.120     1.779    dync/counter[20]
    SLICE_X1Y104         CARRY4 (Prop_carry4_S[3]_O[3])
                                                      0.108     1.887 r  dync/counter0_carry__3/O[3]
                         net (fo=1, routed)           0.000     1.887    dync/data0[20]
    SLICE_X1Y104         FDRE                                         r  dync/counter_reg[20]/D
  -------------------------------------------------------------------    -------------------

                         (clock sys_clk_pin rise edge)
                                                      0.000     0.000 r  
    E3                                                0.000     0.000 r  clk_i (IN)
                         net (fo=0)                   0.000     0.000    clk_i
    E3                   IBUF (Prop_ibuf_I_O)         0.438     0.438 r  clk_i_IBUF_inst/O
                         net (fo=1, routed)           0.699     1.136    clk_i_IBUF
    BUFGCTRL_X0Y16       BUFG (Prop_bufg_I_O)         0.029     1.165 r  clk_i_IBUF_BUFG_inst/O
                         net (fo=33, routed)          0.871     2.036    dync/clk_i_IBUF_BUFG
    SLICE_X1Y104         FDRE                                         r  dync/counter_reg[20]/C
                         clock pessimism             -0.518     1.517    
    SLICE_X1Y104         FDRE (Hold_fdre_C_D)         0.105     1.622    dync/counter_reg[20]
  -------------------------------------------------------------------
                         required time                         -1.622    
                         arrival time                           1.887    
  -------------------------------------------------------------------
                         slack                                  0.264    

Slack (MET) :             0.264ns  (arrival time - required time)
  Source:                 dync/counter_reg[24]/C
                            (rising edge-triggered cell FDRE clocked by sys_clk_pin  {rise@0.000ns fall@5.000ns period=10.000ns})
  Destination:            dync/counter_reg[24]/D
                            (rising edge-triggered cell FDRE clocked by sys_clk_pin  {rise@0.000ns fall@5.000ns period=10.000ns})
  Path Group:             sys_clk_pin
  Path Type:              Hold (Min at Fast Process Corner)
  Requirement:            0.000ns  (sys_clk_pin rise@0.000ns - sys_clk_pin rise@0.000ns)
  Data Path Delay:        0.369ns  (logic 0.249ns (67.424%)  route 0.120ns (32.576%))
  Logic Levels:           1  (CARRY4=1)
  Clock Path Skew:        0.000ns (DCD - SCD - CPR)
    Destination Clock Delay (DCD):    2.036ns
    Source Clock Delay      (SCD):    1.517ns
    Clock Pessimism Removal (CPR):    0.518ns

    Location             Delay type                Incr(ns)  Path(ns)    Netlist Resource(s)
  -------------------------------------------------------------------    -------------------
                         (clock sys_clk_pin rise edge)
                                                      0.000     0.000 r  
    E3                                                0.000     0.000 r  clk_i (IN)
                         net (fo=0)                   0.000     0.000    clk_i
    E3                   IBUF (Prop_ibuf_I_O)         0.250     0.250 r  clk_i_IBUF_inst/O
                         net (fo=1, routed)           0.644     0.894    clk_i_IBUF
    BUFGCTRL_X0Y16       BUFG (Prop_bufg_I_O)         0.026     0.920 r  clk_i_IBUF_BUFG_inst/O
                         net (fo=33, routed)          0.598     1.517    dync/clk_i_IBUF_BUFG
    SLICE_X1Y105         FDRE                                         r  dync/counter_reg[24]/C
  -------------------------------------------------------------------    -------------------
    SLICE_X1Y105         FDRE (Prop_fdre_C_Q)         0.141     1.658 r  dync/counter_reg[24]/Q
                         net (fo=2, routed)           0.120     1.779    dync/counter[24]
    SLICE_X1Y105         CARRY4 (Prop_carry4_S[3]_O[3])
                                                      0.108     1.887 r  dync/counter0_carry__4/O[3]
                         net (fo=1, routed)           0.000     1.887    dync/data0[24]
    SLICE_X1Y105         FDRE                                         r  dync/counter_reg[24]/D
  -------------------------------------------------------------------    -------------------

                         (clock sys_clk_pin rise edge)
                                                      0.000     0.000 r  
    E3                                                0.000     0.000 r  clk_i (IN)
                         net (fo=0)                   0.000     0.000    clk_i
    E3                   IBUF (Prop_ibuf_I_O)         0.438     0.438 r  clk_i_IBUF_inst/O
                         net (fo=1, routed)           0.699     1.136    clk_i_IBUF
    BUFGCTRL_X0Y16       BUFG (Prop_bufg_I_O)         0.029     1.165 r  clk_i_IBUF_BUFG_inst/O
                         net (fo=33, routed)          0.871     2.036    dync/clk_i_IBUF_BUFG
    SLICE_X1Y105         FDRE                                         r  dync/counter_reg[24]/C
                         clock pessimism             -0.518     1.517    
    SLICE_X1Y105         FDRE (Hold_fdre_C_D)         0.105     1.622    dync/counter_reg[24]
  -------------------------------------------------------------------
                         required time                         -1.622    
                         arrival time                           1.887    
  -------------------------------------------------------------------
                         slack                                  0.264    

Slack (MET) :             0.264ns  (arrival time - required time)
  Source:                 dync/counter_reg[28]/C
                            (rising edge-triggered cell FDRE clocked by sys_clk_pin  {rise@0.000ns fall@5.000ns period=10.000ns})
  Destination:            dync/counter_reg[28]/D
                            (rising edge-triggered cell FDRE clocked by sys_clk_pin  {rise@0.000ns fall@5.000ns period=10.000ns})
  Path Group:             sys_clk_pin
  Path Type:              Hold (Min at Fast Process Corner)
  Requirement:            0.000ns  (sys_clk_pin rise@0.000ns - sys_clk_pin rise@0.000ns)
  Data Path Delay:        0.369ns  (logic 0.249ns (67.424%)  route 0.120ns (32.576%))
  Logic Levels:           1  (CARRY4=1)
  Clock Path Skew:        0.000ns (DCD - SCD - CPR)
    Destination Clock Delay (DCD):    2.036ns
    Source Clock Delay      (SCD):    1.517ns
    Clock Pessimism Removal (CPR):    0.518ns

    Location             Delay type                Incr(ns)  Path(ns)    Netlist Resource(s)
  -------------------------------------------------------------------    -------------------
                         (clock sys_clk_pin rise edge)
                                                      0.000     0.000 r  
    E3                                                0.000     0.000 r  clk_i (IN)
                         net (fo=0)                   0.000     0.000    clk_i
    E3                   IBUF (Prop_ibuf_I_O)         0.250     0.250 r  clk_i_IBUF_inst/O
                         net (fo=1, routed)           0.644     0.894    clk_i_IBUF
    BUFGCTRL_X0Y16       BUFG (Prop_bufg_I_O)         0.026     0.920 r  clk_i_IBUF_BUFG_inst/O
                         net (fo=33, routed)          0.598     1.517    dync/clk_i_IBUF_BUFG
    SLICE_X1Y106         FDRE                                         r  dync/counter_reg[28]/C
  -------------------------------------------------------------------    -------------------
    SLICE_X1Y106         FDRE (Prop_fdre_C_Q)         0.141     1.658 r  dync/counter_reg[28]/Q
                         net (fo=2, routed)           0.120     1.779    dync/counter[28]
    SLICE_X1Y106         CARRY4 (Prop_carry4_S[3]_O[3])
                                                      0.108     1.887 r  dync/counter0_carry__5/O[3]
                         net (fo=1, routed)           0.000     1.887    dync/data0[28]
    SLICE_X1Y106         FDRE                                         r  dync/counter_reg[28]/D
  -------------------------------------------------------------------    -------------------

                         (clock sys_clk_pin rise edge)
                                                      0.000     0.000 r  
    E3                                                0.000     0.000 r  clk_i (IN)
                         net (fo=0)                   0.000     0.000    clk_i
    E3                   IBUF (Prop_ibuf_I_O)         0.438     0.438 r  clk_i_IBUF_inst/O
                         net (fo=1, routed)           0.699     1.136    clk_i_IBUF
    BUFGCTRL_X0Y16       BUFG (Prop_bufg_I_O)         0.029     1.165 r  clk_i_IBUF_BUFG_inst/O
                         net (fo=33, routed)          0.871     2.036    dync/clk_i_IBUF_BUFG
    SLICE_X1Y106         FDRE                                         r  dync/counter_reg[28]/C
                         clock pessimism             -0.518     1.517    
    SLICE_X1Y106         FDRE (Hold_fdre_C_D)         0.105     1.622    dync/counter_reg[28]
  -------------------------------------------------------------------
                         required time                         -1.622    
                         arrival time                           1.887    
  -------------------------------------------------------------------
                         slack                                  0.264    

Slack (MET) :             0.267ns  (arrival time - required time)
  Source:                 dync/counter_reg[29]/C
                            (rising edge-triggered cell FDRE clocked by sys_clk_pin  {rise@0.000ns fall@5.000ns period=10.000ns})
  Destination:            dync/counter_reg[29]/D
                            (rising edge-triggered cell FDRE clocked by sys_clk_pin  {rise@0.000ns fall@5.000ns period=10.000ns})
  Path Group:             sys_clk_pin
  Path Type:              Hold (Min at Fast Process Corner)
  Requirement:            0.000ns  (sys_clk_pin rise@0.000ns - sys_clk_pin rise@0.000ns)
  Data Path Delay:        0.372ns  (logic 0.256ns (68.766%)  route 0.116ns (31.234%))
  Logic Levels:           1  (CARRY4=1)
  Clock Path Skew:        0.000ns (DCD - SCD - CPR)
    Destination Clock Delay (DCD):    2.035ns
    Source Clock Delay      (SCD):    1.516ns
    Clock Pessimism Removal (CPR):    0.518ns

    Location             Delay type                Incr(ns)  Path(ns)    Netlist Resource(s)
  -------------------------------------------------------------------    -------------------
                         (clock sys_clk_pin rise edge)
                                                      0.000     0.000 r  
    E3                                                0.000     0.000 r  clk_i (IN)
                         net (fo=0)                   0.000     0.000    clk_i
    E3                   IBUF (Prop_ibuf_I_O)         0.250     0.250 r  clk_i_IBUF_inst/O
                         net (fo=1, routed)           0.644     0.894    clk_i_IBUF
    BUFGCTRL_X0Y16       BUFG (Prop_bufg_I_O)         0.026     0.920 r  clk_i_IBUF_BUFG_inst/O
                         net (fo=33, routed)          0.597     1.516    dync/clk_i_IBUF_BUFG
    SLICE_X1Y107         FDRE                                         r  dync/counter_reg[29]/C
  -------------------------------------------------------------------    -------------------
    SLICE_X1Y107         FDRE (Prop_fdre_C_Q)         0.141     1.657 r  dync/counter_reg[29]/Q
                         net (fo=2, routed)           0.116     1.774    dync/counter[29]
    SLICE_X1Y107         CARRY4 (Prop_carry4_S[0]_O[0])
                                                      0.115     1.889 r  dync/counter0_carry__6/O[0]
                         net (fo=1, routed)           0.000     1.889    dync/data0[29]
    SLICE_X1Y107         FDRE                                         r  dync/counter_reg[29]/D
  -------------------------------------------------------------------    -------------------

                         (clock sys_clk_pin rise edge)
                                                      0.000     0.000 r  
    E3                                                0.000     0.000 r  clk_i (IN)
                         net (fo=0)                   0.000     0.000    clk_i
    E3                   IBUF (Prop_ibuf_I_O)         0.438     0.438 r  clk_i_IBUF_inst/O
                         net (fo=1, routed)           0.699     1.136    clk_i_IBUF
    BUFGCTRL_X0Y16       BUFG (Prop_bufg_I_O)         0.029     1.165 r  clk_i_IBUF_BUFG_inst/O
                         net (fo=33, routed)          0.870     2.035    dync/clk_i_IBUF_BUFG
    SLICE_X1Y107         FDRE                                         r  dync/counter_reg[29]/C
                         clock pessimism             -0.518     1.516    
    SLICE_X1Y107         FDRE (Hold_fdre_C_D)         0.105     1.621    dync/counter_reg[29]
  -------------------------------------------------------------------
                         required time                         -1.621    
                         arrival time                           1.889    
  -------------------------------------------------------------------
                         slack                                  0.267    

Slack (MET) :             0.267ns  (arrival time - required time)
  Source:                 dync/counter_reg[5]/C
                            (rising edge-triggered cell FDRE clocked by sys_clk_pin  {rise@0.000ns fall@5.000ns period=10.000ns})
  Destination:            dync/counter_reg[5]/D
                            (rising edge-triggered cell FDRE clocked by sys_clk_pin  {rise@0.000ns fall@5.000ns period=10.000ns})
  Path Group:             sys_clk_pin
  Path Type:              Hold (Min at Fast Process Corner)
  Requirement:            0.000ns  (sys_clk_pin rise@0.000ns - sys_clk_pin rise@0.000ns)
  Data Path Delay:        0.372ns  (logic 0.256ns (68.766%)  route 0.116ns (31.234%))
  Logic Levels:           1  (CARRY4=1)
  Clock Path Skew:        0.000ns (DCD - SCD - CPR)
    Destination Clock Delay (DCD):    2.037ns
    Source Clock Delay      (SCD):    1.518ns
    Clock Pessimism Removal (CPR):    0.518ns

    Location             Delay type                Incr(ns)  Path(ns)    Netlist Resource(s)
  -------------------------------------------------------------------    -------------------
                         (clock sys_clk_pin rise edge)
                                                      0.000     0.000 r  
    E3                                                0.000     0.000 r  clk_i (IN)
                         net (fo=0)                   0.000     0.000    clk_i
    E3                   IBUF (Prop_ibuf_I_O)         0.250     0.250 r  clk_i_IBUF_inst/O
                         net (fo=1, routed)           0.644     0.894    clk_i_IBUF
    BUFGCTRL_X0Y16       BUFG (Prop_bufg_I_O)         0.026     0.920 r  clk_i_IBUF_BUFG_inst/O
                         net (fo=33, routed)          0.599     1.518    dync/clk_i_IBUF_BUFG
    SLICE_X1Y101         FDRE                                         r  dync/counter_reg[5]/C
  -------------------------------------------------------------------    -------------------
    SLICE_X1Y101         FDRE (Prop_fdre_C_Q)         0.141     1.659 r  dync/counter_reg[5]/Q
                         net (fo=2, routed)           0.116     1.776    dync/counter[5]
    SLICE_X1Y101         CARRY4 (Prop_carry4_S[0]_O[0])
                                                      0.115     1.891 r  dync/counter0_carry__0/O[0]
                         net (fo=1, routed)           0.000     1.891    dync/data0[5]
    SLICE_X1Y101         FDRE                                         r  dync/counter_reg[5]/D
  -------------------------------------------------------------------    -------------------

                         (clock sys_clk_pin rise edge)
                                                      0.000     0.000 r  
    E3                                                0.000     0.000 r  clk_i (IN)
                         net (fo=0)                   0.000     0.000    clk_i
    E3                   IBUF (Prop_ibuf_I_O)         0.438     0.438 r  clk_i_IBUF_inst/O
                         net (fo=1, routed)           0.699     1.136    clk_i_IBUF
    BUFGCTRL_X0Y16       BUFG (Prop_bufg_I_O)         0.029     1.165 r  clk_i_IBUF_BUFG_inst/O
                         net (fo=33, routed)          0.872     2.037    dync/clk_i_IBUF_BUFG
    SLICE_X1Y101         FDRE                                         r  dync/counter_reg[5]/C
                         clock pessimism             -0.518     1.518    
    SLICE_X1Y101         FDRE (Hold_fdre_C_D)         0.105     1.623    dync/counter_reg[5]
  -------------------------------------------------------------------
                         required time                         -1.623    
                         arrival time                           1.891    
  -------------------------------------------------------------------
                         slack                                  0.267    





Pulse Width Checks
--------------------------------------------------------------------------------------
Clock Name:         sys_clk_pin
Waveform(ns):       { 0.000 5.000 }
Period(ns):         10.000
Sources:            { clk_i }

Check Type        Corner  Lib Pin  Reference Pin  Required(ns)  Actual(ns)  Slack(ns)  Location        Pin
Min Period        n/a     BUFG/I   n/a            2.155         10.000      7.845      BUFGCTRL_X0Y16  clk_i_IBUF_BUFG_inst/I
Min Period        n/a     FDRE/C   n/a            1.000         10.000      9.000      SLICE_X0Y101    dync/counter_reg[0]/C
Min Period        n/a     FDRE/C   n/a            1.000         10.000      9.000      SLICE_X1Y102    dync/counter_reg[10]/C
Min Period        n/a     FDRE/C   n/a            1.000         10.000      9.000      SLICE_X1Y102    dync/counter_reg[11]/C
Min Period        n/a     FDRE/C   n/a            1.000         10.000      9.000      SLICE_X1Y102    dync/counter_reg[12]/C
Min Period        n/a     FDRE/C   n/a            1.000         10.000      9.000      SLICE_X1Y103    dync/counter_reg[13]/C
Min Period        n/a     FDRE/C   n/a            1.000         10.000      9.000      SLICE_X1Y103    dync/counter_reg[14]/C
Min Period        n/a     FDRE/C   n/a            1.000         10.000      9.000      SLICE_X1Y103    dync/counter_reg[15]/C
Min Period        n/a     FDRE/C   n/a            1.000         10.000      9.000      SLICE_X1Y103    dync/counter_reg[16]/C
Min Period        n/a     FDRE/C   n/a            1.000         10.000      9.000      SLICE_X1Y104    dync/counter_reg[17]/C
Low Pulse Width   Slow    FDRE/C   n/a            0.500         5.000       4.500      SLICE_X1Y107    dync/counter_reg[29]/C
Low Pulse Width   Slow    FDRE/C   n/a            0.500         5.000       4.500      SLICE_X1Y107    dync/counter_reg[30]/C
Low Pulse Width   Slow    FDRE/C   n/a            0.500         5.000       4.500      SLICE_X1Y107    dync/counter_reg[31]/C
Low Pulse Width   Slow    FDRE/C   n/a            0.500         5.000       4.500      SLICE_X0Y101    dync/counter_reg[0]/C
Low Pulse Width   Slow    FDRE/C   n/a            0.500         5.000       4.500      SLICE_X1Y102    dync/counter_reg[10]/C
Low Pulse Width   Slow    FDRE/C   n/a            0.500         5.000       4.500      SLICE_X1Y102    dync/counter_reg[11]/C
Low Pulse Width   Slow    FDRE/C   n/a            0.500         5.000       4.500      SLICE_X1Y102    dync/counter_reg[12]/C
Low Pulse Width   Slow    FDRE/C   n/a            0.500         5.000       4.500      SLICE_X1Y103    dync/counter_reg[13]/C
Low Pulse Width   Slow    FDRE/C   n/a            0.500         5.000       4.500      SLICE_X1Y103    dync/counter_reg[14]/C
Low Pulse Width   Slow    FDRE/C   n/a            0.500         5.000       4.500      SLICE_X1Y103    dync/counter_reg[15]/C
High Pulse Width  Slow    FDRE/C   n/a            0.500         5.000       4.500      SLICE_X0Y101    dync/counter_reg[0]/C
High Pulse Width  Slow    FDRE/C   n/a            0.500         5.000       4.500      SLICE_X1Y102    dync/counter_reg[10]/C
High Pulse Width  Slow    FDRE/C   n/a            0.500         5.000       4.500      SLICE_X1Y102    dync/counter_reg[11]/C
High Pulse Width  Slow    FDRE/C   n/a            0.500         5.000       4.500      SLICE_X1Y102    dync/counter_reg[12]/C
High Pulse Width  Slow    FDRE/C   n/a            0.500         5.000       4.500      SLICE_X1Y103    dync/counter_reg[13]/C
High Pulse Width  Slow    FDRE/C   n/a            0.500         5.000       4.500      SLICE_X1Y103    dync/counter_reg[14]/C
High Pulse Width  Slow    FDRE/C   n/a            0.500         5.000       4.500      SLICE_X1Y103    dync/counter_reg[15]/C
High Pulse Width  Slow    FDRE/C   n/a            0.500         5.000       4.500      SLICE_X1Y103    dync/counter_reg[16]/C
High Pulse Width  Slow    FDRE/C   n/a            0.500         5.000       4.500      SLICE_X1Y104    dync/counter_reg[17]/C
High Pulse Width  Slow    FDRE/C   n/a            0.500         5.000       4.500      SLICE_X1Y104    dync/counter_reg[18]/C



